ignoring property keywords in entry Aaberg-al:ase2003; no handler or RDF property registered
ignoring property folder in entry Abadi-Cardelli-Viswanathan:popl96; no handler or RDF property registered
ignoring property doiurl in entry Abadi:fosad2009; no handler or RDF property registered
character <%> occurred as control character
ignoring property filing in entry Abramsky:90; no handler or RDF property registered
ignoring property numpages in entry Acar:pepm2009; no handler or RDF property registered
ignoring property comment in entry Acebal-al:2002; no handler or RDF property registered
ignoring property comments in entry Agesen-Palsberg-Schwartzbach:spe95; no handler or RDF property registered
ignoring property abstract in entry Agesen-Palsberg-Schwartzbach:spe95; no handler or RDF property registered
ignoring property eprint in entry Agesen-Palsberg-Schwartzbach:spe95; no handler or RDF property registered
ignoring property acmid in entry Akidau-al:vldb2015; no handler or RDF property registered
ignoring property issue_date in entry Akidau-al:vldb2015; no handler or RDF property registered
ignoring property issn in entry Akidau-al:vldb2015; no handler or RDF property registered
ignoring property url0 in entry Arsac:2003; no handler or RDF property registered
ignoring property book in entry Alpert2000; no handler or RDF property registered
ignoring property isbn in entry Alpert2000; no handler or RDF property registered
ignoring property doi in entry Amini-al:icdcs2006; no handler or RDF property registered
ignoring property optkey in entry Ancona-Zucca:2000; no handler or RDF property registered
ignoring property opttype in entry Ancona-Zucca:2000; no handler or RDF property registered
ignoring property optnumber in entry Ancona-Zucca:2000; no handler or RDF property registered
ignoring property optannote in entry Ancona-Zucca:2000; no handler or RDF property registered
ignoring property optaddress in entry Ancona-Zucca:2000; no handler or RDF property registered
ignoring property optnote in entry Ancona-Zucca:2000; no handler or RDF property registered
ignoring property optmonth in entry Ancona-Zucca:2000; no handler or RDF property registered
ignoring property articleno in entry Andersen-al:2019; no handler or RDF property registered
can't create date from year <?> in entry Anderson-Allen
ignoring property kewwords in entry Arbab-Bonsangue-deBoer:99; no handler or RDF property registered
ignoring property url2 in entry Bagge-Kalleberg:dsal2006; no handler or RDF property registered
ignoring property keyword in entry Becker:svm2003; no handler or RDF property registered
can't create date from year <1988/89> in entry Belina-Hogrefe89
ignoring property oldurl in entry Benaissa-Tolmach:tr99; no handler or RDF property registered
ignoring property day in entry Boehm-al:95; no handler or RDF property registered
can't create date from year <August> in entry Boner-al:2013
can't create date from year <September> in entry Boner-al:2014
ignoring property issue in entry Bosch:97; no handler or RDF property registered
ignoring property optvolume in entry Bosch:99; no handler or RDF property registered
ignoring property optpages in entry Bosch:99; no handler or RDF property registered
ignoring property fling in entry Boyland-Castagna:oopsla97; no handler or RDF property registered
ignoring property pdf in entry coullon:hal-01591113; no handler or RDF property registered
ignoring property hal_id in entry coullon:hal-01591113; no handler or RDF property registered
ignoring property hal_version in entry coullon:hal-01591113; no handler or RDF property registered
ignoring property ee in entry Brun-al:concur2004; no handler or RDF property registered
ignoring property optyear in entry Cardone:2004; no handler or RDF property registered
ignoring property department in entry Carlsson:90; no handler or RDF property registered
ignoring property mynote in entry Caromel-Vayssiere:ecoop2001; no handler or RDF property registered
ignoring property organisation in entry ChangDespain85; no handler or RDF property registered
ignoring property status in entry Cheriton:icdcs86; no handler or RDF property registered
character <%> occurred as control character
ignoring property croosref in entry Cook-Hill-Canning:popl90; no handler or RDF property registered
ignoring property kind in entry CostaSeco-Caires:ecoop2000; no handler or RDF property registered
ignoring property opauthor in entry Crenshaw:99; no handler or RDF property registered
ignoring property doirl in entry Danvy-Malmkjaer-Palsberg:95; no handler or RDF property registered
character <%> occurred as control character
ignoring property file in entry DjokoDjoko-al; no handler or RDF property registered
ignoring property url1 in entry Douence-Noye:2006; no handler or RDF property registered
ignoring property bibsource in entry Fukuda-al:coordination96; no handler or RDF property registered
ignoring property optauthor in entry Gabler:2015; no handler or RDF property registered
ignoring property opttitle in entry Gabler:2015; no handler or RDF property registered
ignoring property opthowpublished in entry Gabler:2015; no handler or RDF property registered
character <=> occurred as control character
character <=> occurred as control character
character <=> occurred as control character
can't create date from year <?> in entry Gasser?
can't create date from year <1985-2020> in entry GNU-Bison:1985
ignoring property optedition in entry ; no handler or RDF property registered
ignoring property optseries in entry ; no handler or RDF property registered
ignoring property altauthor in entry ; no handler or RDF property registered
ignoring property alteditor in entry ; no handler or RDF property registered
ignoring property source in entry Hilsdale-Kersten:2004; no handler or RDF property registered
ignoring property authors in entry J2EE-tutorial:2001; no handler or RDF property registered
can't create date from year <19??> in entry Johnson-Ritchie
can't create date from year <2004-2005> in entry Kay-Feldman:2004
didn't recognize month <1996> in entry Kiczales:96
ignoring property keaywords in entry Kosar-al:2008; no handler or RDF property registered
ignoring property hal_local_reference in entry Kouki-al:2014; no handler or RDF property registered
ignoring property editors in entry Levy:tacs97; no handler or RDF property registered
ignoring property halurl in entry Li-Orgerie-Menaud:2015; no handler or RDF property registered
ignoring property http in entry Lieberherr-Lorenz-Mezini:99; no handler or RDF property registered
ignoring property biburl in entry Mahmud-Buyya:2016; no handler or RDF property registered
ignoring property timestamp in entry Mahmud-Buyya:2016; no handler or RDF property registered
ignoring property crossef in entry Marchand-Noye-Suedholt:miss2013; no handler or RDF property registered
ignoring property session in entry MarienDemoen:naclp89; no handler or RDF property registered
ignoring property hal in entry Muller-al:2005; no handler or RDF property registered
ignoring property abstracturl in entry Naish:96; no handler or RDF property registered
character <(> occurred as control character
character <)> occurred as control character
character <=> occurred as control character
character <=> occurred as control character
ignoring property filling in entry Perrot:98; no handler or RDF property registered
ignoring property slides in entry Pierce:2000; no handler or RDF property registered
can't create date from year <2001-2020> in entry PLY:2001
ignoring property article in entry Rajan-Sullivan:2009; no handler or RDF property registered
ignoring property html in entry Remy:appsem2002; no handler or RDF property registered
ignoring property doiutl in entry Reps:ist98; no handler or RDF property registered
didn't recognize month <Winter> in entry ScottEtAl90
didn't recognize month <Fall> in entry Shapiro-al:89
ignoring property filename in entry Smolka:vol1000:95; no handler or RDF property registered
ignoring property directory in entry Smolka:vol1000:95; no handler or RDF property registered
can't create date from year <1993?> in entry Sonntag:93
ignoring property dourl in entry Steimann:2018; no handler or RDF property registered
ignoring property commment in entry vanOmmering:icse2002; no handler or RDF property registered
ignoring property notes in entry Verwaest-al-oopsla2010; no handler or RDF property registered
ignoring property urlpdf in entry Visser:2004; no handler or RDF property registered
ignoring property pubcat in entry Visser:2004; no handler or RDF property registered
ignoring property project in entry Visser:2004; no handler or RDF property registered
ignoring property urlspringer in entry Visser:2004; no handler or RDF property registered
ignoring property urlinfo in entry Visser:2004; no handler or RDF property registered
ignoring property category in entry Visser:2004; no handler or RDF property registered
ignoring property ftp in entry dsal2006; no handler or RDF property registered
character <=> occurred as control character
character <=> occurred as control character
didn't recognize month <2000> in entry sac2000
javabib: Invalid macro reference (target does not exist): "file:/users/noye/documents/papers/all/kuehne-europlop96.pdf"
